.\Debug\InteractiveCubeSpin.pdb
C:\Users\Farhath\Downloads\lesson06\Lesson06\.\Debug\InteractiveCubeSpin.exe.intermediate.manifest
C:\Users\Farhath\Downloads\lesson06\Lesson06\Debug\cl.command.1.tlog
C:\Users\Farhath\Downloads\lesson06\Lesson06\Debug\CL.read.1.tlog
C:\Users\Farhath\Downloads\lesson06\Lesson06\Debug\CL.write.1.tlog
C:\USERS\FARHATH\DOWNLOADS\LESSON06\LESSON06\DEBUG\CUBESPINGRAPHIC.OBJ
C:\USERS\FARHATH\DOWNLOADS\LESSON06\LESSON06\DEBUG\FIRSTWINDOW.OBJ
C:\USERS\FARHATH\DOWNLOADS\LESSON06\LESSON06\DEBUG\INTERACTIVECUBE.OBJ
C:\USERS\FARHATH\DOWNLOADS\LESSON06\LESSON06\DEBUG\INTERACTIVECUBESPIN.EXE.EMBED.MANIFEST
C:\USERS\FARHATH\DOWNLOADS\LESSON06\LESSON06\DEBUG\INTERACTIVECUBESPIN.EXE.EMBED.MANIFEST.RES
C:\USERS\FARHATH\DOWNLOADS\LESSON06\LESSON06\DEBUG\INTERACTIVECUBESPIN.EXE.INTERMEDIATE.MANIFEST
C:\USERS\FARHATH\DOWNLOADS\LESSON06\LESSON06\DEBUG\INTERACTIVECUBESPIN.PDB
C:\Users\Farhath\Downloads\lesson06\Lesson06\Debug\InteractiveCubeSpin.write.1.tlog
C:\Users\Farhath\Downloads\lesson06\Lesson06\Debug\InteractiveCubeSpin_manifest.rc
C:\USERS\FARHATH\DOWNLOADS\LESSON06\LESSON06\DEBUG\LESSON6.EXE
C:\USERS\FARHATH\DOWNLOADS\LESSON06\LESSON06\DEBUG\LESSON6.EXE.EMBED.MANIFEST
C:\USERS\FARHATH\DOWNLOADS\LESSON06\LESSON06\DEBUG\LESSON6.EXE.EMBED.MANIFEST.RES
C:\Users\Farhath\Downloads\lesson06\Lesson06\Debug\lesson6.exe.intermediate.manifest
C:\USERS\FARHATH\DOWNLOADS\LESSON06\LESSON06\DEBUG\LESSON6.ILK
C:\USERS\FARHATH\DOWNLOADS\LESSON06\LESSON06\DEBUG\LESSON6.OBJ
C:\Users\Farhath\Downloads\lesson06\Lesson06\Debug\lesson6.pdb
C:\Users\Farhath\Downloads\lesson06\Lesson06\Debug\lesson6.vcxprojResolveAssemblyReference.cache
C:\Users\Farhath\Downloads\lesson06\Lesson06\Debug\lesson6.write.1.tlog
C:\Users\Farhath\Downloads\lesson06\Lesson06\Debug\lesson6_manifest.rc
C:\Users\Farhath\Downloads\lesson06\Lesson06\Debug\link.3516.read.1.tlog
C:\Users\Farhath\Downloads\lesson06\Lesson06\Debug\link.3516.write.1.tlog
C:\Users\Farhath\Downloads\lesson06\Lesson06\Debug\link.3516-cvtres.read.1.tlog
C:\Users\Farhath\Downloads\lesson06\Lesson06\Debug\link.3516-cvtres.write.1.tlog
C:\Users\Farhath\Downloads\lesson06\Lesson06\Debug\link.5456.read.1.tlog
C:\Users\Farhath\Downloads\lesson06\Lesson06\Debug\link.5456.write.1.tlog
C:\Users\Farhath\Downloads\lesson06\Lesson06\Debug\link.5456-cvtres.read.1.tlog
C:\Users\Farhath\Downloads\lesson06\Lesson06\Debug\link.5456-cvtres.write.1.tlog
C:\Users\Farhath\Downloads\lesson06\Lesson06\Debug\link.6160.read.1.tlog
C:\Users\Farhath\Downloads\lesson06\Lesson06\Debug\link.6160.write.1.tlog
C:\Users\Farhath\Downloads\lesson06\Lesson06\Debug\link.6160-cvtres.read.1.tlog
C:\Users\Farhath\Downloads\lesson06\Lesson06\Debug\link.6160-cvtres.write.1.tlog
C:\Users\Farhath\Downloads\lesson06\Lesson06\Debug\link.command.1.tlog
C:\Users\Farhath\Downloads\lesson06\Lesson06\Debug\link.read.1.tlog
C:\Users\Farhath\Downloads\lesson06\Lesson06\Debug\link.write.1.tlog
C:\Users\Farhath\Downloads\lesson06\Lesson06\Debug\link-cvtres.read.1.tlog
C:\Users\Farhath\Downloads\lesson06\Lesson06\Debug\link-cvtres.write.1.tlog
C:\Users\Farhath\Downloads\lesson06\Lesson06\Debug\mt.command.1.tlog
C:\Users\Farhath\Downloads\lesson06\Lesson06\Debug\mt.read.1.tlog
C:\Users\Farhath\Downloads\lesson06\Lesson06\Debug\mt.write.1.tlog
C:\Users\Farhath\Downloads\lesson06\Lesson06\Debug\rc.command.1.tlog
C:\Users\Farhath\Downloads\lesson06\Lesson06\Debug\rc.read.1.tlog
C:\Users\Farhath\Downloads\lesson06\Lesson06\Debug\rc.write.1.tlog
C:\Users\Farhath\Downloads\lesson06\Lesson06\Debug\vc100.idb
C:\USERS\FARHATH\DOWNLOADS\LESSON06\LESSON06\DEBUG\VC100.PDB
