Build started 11/16/2014 8:17:38 PM.
     1>Project "C:\Users\Farhath\Downloads\InteractiveCubeSpin\Lesson06\lesson6.vcxproj" on node 2 (rebuild target(s)).
     1>_PrepareForClean:
         Deleting file ".\Debug\lesson6.lastbuildstate".
       InitializeBuildStatus:
         Creating ".\Debug\lesson6.unsuccessfulbuild" because "AlwaysCreate" was specified.
       ClCompile:
         C:\Program Files\Microsoft Visual Studio 10.0\VC\bin\CL.exe /c /ZI /nologo /W3 /WX- /Od /Oy- /D WIN32 /D _DEBUG /D _WINDOWS /D _VC80_UPGRADE=0x0600 /D _MBCS /Gm /EHsc /RTC1 /MTd /GS /Gy- /fp:precise /Zc:wchar_t /Zc:forScope /Fo".\Debug\\" /Fd".\Debug\vc100.pdb" /Gd /TP /analyze- /errorReport:prompt interactiveCube.cpp
         interactiveCube.cpp
     1>c:\users\farhath\downloads\interactivecubespin\lesson06\interactivecube.cpp(38): warning C4996: 'fopen': This function or variable may be unsafe. Consider using fopen_s instead. To disable deprecation, use _CRT_SECURE_NO_WARNINGS. See online help for details.
                 c:\program files\microsoft visual studio 10.0\vc\include\stdio.h(234) : see declaration of 'fopen'
       ManifestResourceCompile:
         C:\Program Files\Microsoft SDKs\Windows\v7.0A\bin\rc.exe /nologo /fo".\Debug\lesson6.exe.embed.manifest.res" .\Debug\lesson6_manifest.rc 
       Link:
         C:\Program Files\Microsoft Visual Studio 10.0\VC\bin\link.exe /ERRORREPORT:PROMPT /OUT:".\Debug\lesson6.exe" /INCREMENTAL /NOLOGO opengl32.lib glu32.lib glaux.lib odbc32.lib odbccp32.lib kernel32.lib user32.lib gdi32.lib winspool.lib comdlg32.lib advapi32.lib shell32.lib ole32.lib oleaut32.lib uuid.lib odbc32.lib odbccp32.lib /MANIFEST /ManifestFile:".\Debug\lesson6.exe.intermediate.manifest" /MANIFESTUAC:"level='asInvoker' uiAccess='false'" /DEBUG /PDB:"C:\Users\Farhath\Downloads\InteractiveCubeSpin\Lesson06\Debug\lesson6.pdb" /SUBSYSTEM:WINDOWS /TLBID:1 /DYNAMICBASE /NXCOMPAT /IMPLIB:".\Debug\lesson6.lib" /MACHINE:X86 .\Debug\lesson6.exe.embed.manifest.res
         .\Debug\interactiveCube.obj
       Manifest:
         Deleting file ".\Debug\lesson6.exe.embed.manifest".
         C:\Program Files\Microsoft SDKs\Windows\v7.0A\bin\mt.exe /nologo /verbose /out:".\Debug\lesson6.exe.embed.manifest" /manifest .\Debug\lesson6.exe.intermediate.manifest
         C:\Program Files\Microsoft SDKs\Windows\v7.0A\bin\rc.exe /nologo /fo".\Debug\lesson6.exe.embed.manifest.res" .\Debug\lesson6_manifest.rc 
       LinkEmbedManifest:
         C:\Program Files\Microsoft Visual Studio 10.0\VC\bin\link.exe /ERRORREPORT:PROMPT /OUT:".\Debug\lesson6.exe" /INCREMENTAL /NOLOGO opengl32.lib glu32.lib glaux.lib odbc32.lib odbccp32.lib kernel32.lib user32.lib gdi32.lib winspool.lib comdlg32.lib advapi32.lib shell32.lib ole32.lib oleaut32.lib uuid.lib odbc32.lib odbccp32.lib /MANIFEST /ManifestFile:".\Debug\lesson6.exe.intermediate.manifest" /MANIFESTUAC:"level='asInvoker' uiAccess='false'" /DEBUG /PDB:"C:\Users\Farhath\Downloads\InteractiveCubeSpin\Lesson06\Debug\lesson6.pdb" /SUBSYSTEM:WINDOWS /TLBID:1 /DYNAMICBASE /NXCOMPAT /IMPLIB:".\Debug\lesson6.lib" /MACHINE:X86 .\Debug\lesson6.exe.embed.manifest.res
         .\Debug\interactiveCube.obj
         lesson6.vcxproj -> C:\Users\Farhath\Downloads\InteractiveCubeSpin\Lesson06\.\Debug\lesson6.exe
       FinalizeBuildStatus:
         Deleting file ".\Debug\lesson6.unsuccessfulbuild".
         Touching ".\Debug\lesson6.lastbuildstate".
     1>Done Building Project "C:\Users\Farhath\Downloads\InteractiveCubeSpin\Lesson06\lesson6.vcxproj" (rebuild target(s)).

Build succeeded.

Time Elapsed 00:00:01.90
