.\Debug\MultiTexturedCube.pdb
C:\Users\Farhath\Downloads\InteractiveCubeSpin\Lesson06\.\Debug\MultiTexturedCube.exe.intermediate.manifest
C:\Users\Farhath\Downloads\InteractiveCubeSpin\Lesson06\Debug\cl.command.1.tlog
C:\Users\Farhath\Downloads\InteractiveCubeSpin\Lesson06\Debug\CL.read.1.tlog
C:\Users\Farhath\Downloads\InteractiveCubeSpin\Lesson06\Debug\CL.write.1.tlog
C:\USERS\FARHATH\DOWNLOADS\INTERACTIVECUBESPIN\LESSON06\DEBUG\INTERACTIVECUBE.OBJ
C:\USERS\FARHATH\DOWNLOADS\INTERACTIVECUBESPIN\LESSON06\DEBUG\LESSON6.EXE
C:\USERS\FARHATH\DOWNLOADS\INTERACTIVECUBESPIN\LESSON06\DEBUG\LESSON6.ILK
C:\Users\Farhath\Downloads\InteractiveCubeSpin\Lesson06\Debug\link.command.1.tlog
C:\Users\Farhath\Downloads\InteractiveCubeSpin\Lesson06\Debug\link.read.1.tlog
C:\Users\Farhath\Downloads\InteractiveCubeSpin\Lesson06\Debug\link.write.1.tlog
C:\Users\Farhath\Downloads\InteractiveCubeSpin\Lesson06\Debug\link-cvtres.read.1.tlog
C:\Users\Farhath\Downloads\InteractiveCubeSpin\Lesson06\Debug\link-cvtres.write.1.tlog
C:\Users\Farhath\Downloads\InteractiveCubeSpin\Lesson06\Debug\mt.command.1.tlog
C:\Users\Farhath\Downloads\InteractiveCubeSpin\Lesson06\Debug\mt.read.1.tlog
C:\Users\Farhath\Downloads\InteractiveCubeSpin\Lesson06\Debug\mt.write.1.tlog
C:\USERS\FARHATH\DOWNLOADS\INTERACTIVECUBESPIN\LESSON06\DEBUG\MULTITEXTUREDCUBE.EXE.EMBED.MANIFEST
C:\USERS\FARHATH\DOWNLOADS\INTERACTIVECUBESPIN\LESSON06\DEBUG\MULTITEXTUREDCUBE.EXE.EMBED.MANIFEST.RES
C:\USERS\FARHATH\DOWNLOADS\INTERACTIVECUBESPIN\LESSON06\DEBUG\MULTITEXTUREDCUBE.EXE.INTERMEDIATE.MANIFEST
C:\USERS\FARHATH\DOWNLOADS\INTERACTIVECUBESPIN\LESSON06\DEBUG\MULTITEXTUREDCUBE.PDB
C:\Users\Farhath\Downloads\InteractiveCubeSpin\Lesson06\Debug\MultiTexturedCube.write.1.tlog
C:\Users\Farhath\Downloads\InteractiveCubeSpin\Lesson06\Debug\MultiTexturedCube_manifest.rc
C:\Users\Farhath\Downloads\InteractiveCubeSpin\Lesson06\Debug\rc.command.1.tlog
C:\Users\Farhath\Downloads\InteractiveCubeSpin\Lesson06\Debug\rc.read.1.tlog
C:\Users\Farhath\Downloads\InteractiveCubeSpin\Lesson06\Debug\rc.write.1.tlog
C:\Users\Farhath\Downloads\InteractiveCubeSpin\Lesson06\Debug\vc100.idb
C:\USERS\FARHATH\DOWNLOADS\INTERACTIVECUBESPIN\LESSON06\DEBUG\VC100.PDB
